Removed Pin From Net: NetName=GND Pin=R5-2
Removed Pin From Net: NetName=3V3 Pin=U7-10
Add Pin To Net: Unknown Pin: Pin U2-6
Add Pin To Net: Unknown Pin: Pin U2-7
Add Pin To Net: Unknown Pin: Pin U2-9
Add Pin To Net: Unknown Pin: Pin VR1-0
Add Pin To Net: Unknown Pin: Pin VR1-1
Add Pin To Net: Unknown Pin: Pin VR1-2
Add Pin To Net: Unknown Pin: Pin VR1-3
Add Pin To Net: Unknown Pin: Pin VR2-0
Add Pin To Net: Unknown Pin: Pin VR2-1
Add Pin To Net: Unknown Pin: Pin VR2-2
Add Pin To Net: Unknown Pin: Pin VR2-3
Add Pin To Net: Unknown Pin: Pin VR3-0
Add Pin To Net: Unknown Pin: Pin VR3-1
Add Pin To Net: Unknown Pin: Pin VR3-2
Add Pin To Net: Unknown Pin: Pin VR3-3
Added Pin To Net: NetName=NetR5_2 Pin=R5-2
Added Pin To Net: NetName=NetR5_2 Pin=U7-10
Added Net: Name=NetR5_2
Add Class Member: Failed to add class member : Component VR1 Buck Boost Module
Add Class Member: Failed to add class member : Component VR2 Buck Boost Module
Add Class Member: Failed to add class member : Component VR3 Buck Boost Module
Added Room: Name=ModuleInter
Added Room: Name=Power
