Removed Pin From Net: NetName=PACK+ Pin=J7-1
Removed Pin From Net: NetName=GND Pin=J7-5
Removed Pin From Net: NetName=NetJ7_2 Pin=R9-1
Removed Pin From Net: NetName=NetJ7_4 Pin=R11-1
Removed Pin From Net: NetName=NetJ7_2 Pin=R20-1
Added Pin To Net: NetName=GND Pin=J7-1
Added Pin To Net: NetName=PACK+ Pin=J7-5
Added Pin To Net: NetName=NetJ7_4 Pin=R9-1
Added Pin To Net: NetName=NetJ7_2 Pin=R11-1
Added Pin To Net: NetName=NetJ7_4 Pin=R20-1
Add Pin To Net: Unknown Pin: Pin U2-6
Add Pin To Net: Unknown Pin: Pin U2-7
Add Pin To Net: Unknown Pin: Pin U2-9
Add Pin To Net: Unknown Pin: Pin VR1-0
Add Pin To Net: Unknown Pin: Pin VR1-1
Add Pin To Net: Unknown Pin: Pin VR1-2
Add Pin To Net: Unknown Pin: Pin VR1-3
Add Pin To Net: Unknown Pin: Pin VR2-0
Add Pin To Net: Unknown Pin: Pin VR2-1
Add Pin To Net: Unknown Pin: Pin VR2-2
Add Pin To Net: Unknown Pin: Pin VR2-3
Add Pin To Net: Unknown Pin: Pin VR3-0
Add Pin To Net: Unknown Pin: Pin VR3-1
Add Pin To Net: Unknown Pin: Pin VR3-2
Add Pin To Net: Unknown Pin: Pin VR3-3
Add Class Member: Failed to add class member : Component VR1 Buck Boost Module
Add Class Member: Failed to add class member : Component VR2 Buck Boost Module
Add Class Member: Failed to add class member : Component VR3 Buck Boost Module
Added Room: Name=ModuleInter
Added Room: Name=Power
