Removed Pin From Net: NetName=GND Pin=C1-1
Removed Pin From Net: NetName=GND Pin=C2-1
Removed Pin From Net: NetName=GND Pin=C3-1
Removed Pin From Net: NetName=GND Pin=C4-1
Removed Pin From Net: NetName=GND Pin=C5-1
Removed Pin From Net: NetName=GND Pin=IC1-1
Removed Pin From Net: NetName=GND Pin=IC1-2
Removed Pin From Net: NetName=GND Pin=IC1-3
Removed Pin From Net: NetName=PACK- Pin=IC2-1
Removed Pin From Net: NetName=PACK- Pin=IC2-2
Removed Pin From Net: NetName=PACK- Pin=IC2-3
Removed Pin From Net: NetName=GND Pin=J7-1
Removed Pin From Net: NetName=GND Pin=R17-2
Removed Pin From Net: NetName=PACK- Pin=R18-1
Removed Pin From Net: NetName=PACK- Pin=R19-1
Removed Pin From Net: NetName=GND Pin=U9-8
Removed Pin From Net: NetName=GND Pin=U9-9
Removed Pin From Net: NetName=GND Pin=U9-10
Added Pin To Net: NetName=GND Pin=IC2-1
Added Pin To Net: NetName=GND Pin=IC2-2
Added Pin To Net: NetName=GND Pin=IC2-3
Added Pin To Net: NetName=GND Pin=R18-1
Added Pin To Net: NetName=GND Pin=R19-1
Add Pin To Net: Unknown Pin: Pin U2-6
Add Pin To Net: Unknown Pin: Pin U2-7
Add Pin To Net: Unknown Pin: Pin U2-9
Add Pin To Net: Unknown Pin: Pin VR1-0
Add Pin To Net: Unknown Pin: Pin VR1-1
Add Pin To Net: Unknown Pin: Pin VR1-2
Add Pin To Net: Unknown Pin: Pin VR1-3
Add Pin To Net: Unknown Pin: Pin VR2-0
Add Pin To Net: Unknown Pin: Pin VR2-1
Add Pin To Net: Unknown Pin: Pin VR2-2
Add Pin To Net: Unknown Pin: Pin VR2-3
Add Pin To Net: Unknown Pin: Pin VR3-0
Add Pin To Net: Unknown Pin: Pin VR3-1
Add Pin To Net: Unknown Pin: Pin VR3-2
Add Pin To Net: Unknown Pin: Pin VR3-3
Added Pin To Net: NetName=Batt_GND Pin=C1-1
Added Pin To Net: NetName=Batt_GND Pin=C2-1
Added Pin To Net: NetName=Batt_GND Pin=C3-1
Added Pin To Net: NetName=Batt_GND Pin=C4-1
Added Pin To Net: NetName=Batt_GND Pin=C5-1
Added Pin To Net: NetName=Batt_GND Pin=IC1-1
Added Pin To Net: NetName=Batt_GND Pin=IC1-2
Added Pin To Net: NetName=Batt_GND Pin=IC1-3
Added Pin To Net: NetName=Batt_GND Pin=J7-1
Added Pin To Net: NetName=Batt_GND Pin=R17-2
Added Pin To Net: NetName=Batt_GND Pin=U9-8
Added Pin To Net: NetName=Batt_GND Pin=U9-9
Added Pin To Net: NetName=Batt_GND Pin=U9-10
Added Net: Name=Batt_GND
Add Class Member: Failed to add class member : Component VR1 Buck Boost Module
Add Class Member: Failed to add class member : Component VR2 Buck Boost Module
Add Class Member: Failed to add class member : Component VR3 Buck Boost Module
Added Room: Name=ModuleInter
Added Room: Name=Power
