Replace Part C12 Capacitor in C:\Users\gallo.HOTMETAL\Documents\Senior Design\carrier_board\senior_design\carrier_board\Carrier Board\ModuleInter.SchDoc with Capacitor from Celestial Altium Library - altium_library.DbLib
Replace Part C13 Capacitor in C:\Users\gallo.HOTMETAL\Documents\Senior Design\carrier_board\senior_design\carrier_board\Carrier Board\ModuleInter.SchDoc with Capacitor from Celestial Altium Library - altium_library.DbLib
Replace Part C14 Capacitor in C:\Users\gallo.HOTMETAL\Documents\Senior Design\carrier_board\senior_design\carrier_board\Carrier Board\ModuleInter.SchDoc with Capacitor from Celestial Altium Library - altium_library.DbLib
Replace Part C15 Capacitor in C:\Users\gallo.HOTMETAL\Documents\Senior Design\carrier_board\senior_design\carrier_board\Carrier Board\ModuleInter.SchDoc with Capacitor from Celestial Altium Library - altium_library.DbLib
Replace Part D SMF3.3 in C:\Users\gallo.HOTMETAL\Documents\Senior Design\carrier_board\senior_design\carrier_board\Carrier Board\ModuleInter.SchDoc with SMF3.3 from CBSchLib.SchLib
Replace Part D1 SMF3.3 in C:\Users\gallo.HOTMETAL\Documents\Senior Design\carrier_board\senior_design\carrier_board\Carrier Board\ModuleInter.SchDoc with SMF3.3 from CBSchLib.SchLib
Replace Part D2 SMF3.3 in C:\Users\gallo.HOTMETAL\Documents\Senior Design\carrier_board\senior_design\carrier_board\Carrier Board\ModuleInter.SchDoc with SMF3.3 from CBSchLib.SchLib
Replace Part D3 SMF3.3 in C:\Users\gallo.HOTMETAL\Documents\Senior Design\carrier_board\senior_design\carrier_board\Carrier Board\ModuleInter.SchDoc with SMF3.3 from CBSchLib.SchLib
Replace Part D4 SMF3.3 in C:\Users\gallo.HOTMETAL\Documents\Senior Design\carrier_board\senior_design\carrier_board\Carrier Board\ModuleInter.SchDoc with SMF3.3 from CBSchLib.SchLib
Replace Part D5 SMF3.3 in C:\Users\gallo.HOTMETAL\Documents\Senior Design\carrier_board\senior_design\carrier_board\Carrier Board\ModuleInter.SchDoc with SMF3.3 from CBSchLib.SchLib
Replace Part D6 SMF3.3 in C:\Users\gallo.HOTMETAL\Documents\Senior Design\carrier_board\senior_design\carrier_board\Carrier Board\ModuleInter.SchDoc with SMF3.3 from CBSchLib.SchLib
Replace Part D7 SMBJ5.0CA-13-F in C:\Users\gallo.HOTMETAL\Documents\Senior Design\carrier_board\senior_design\carrier_board\Carrier Board\ModuleInter.SchDoc with SMBJ5.0CA-13-F from CBSchLib.SchLib
Replace Part D8 SMBJ5.0CA-13-F in C:\Users\gallo.HOTMETAL\Documents\Senior Design\carrier_board\senior_design\carrier_board\Carrier Board\ModuleInter.SchDoc with SMBJ5.0CA-13-F from CBSchLib.SchLib
Replace Part D9 SMBJ5.0CA-13-F in C:\Users\gallo.HOTMETAL\Documents\Senior Design\carrier_board\senior_design\carrier_board\Carrier Board\ModuleInter.SchDoc with SMBJ5.0CA-13-F from CBSchLib.SchLib
Replace Part D10 SMBJ5.0CA-13-F in C:\Users\gallo.HOTMETAL\Documents\Senior Design\carrier_board\senior_design\carrier_board\Carrier Board\ModuleInter.SchDoc with SMBJ5.0CA-13-F from CBSchLib.SchLib
Replace Part D11 SMBJ5.0CA-13-F in C:\Users\gallo.HOTMETAL\Documents\Senior Design\carrier_board\senior_design\carrier_board\Carrier Board\ModuleInter.SchDoc with SMBJ5.0CA-13-F from CBSchLib.SchLib
Replace Part D12 SMBJ5.0CA-13-F in C:\Users\gallo.HOTMETAL\Documents\Senior Design\carrier_board\senior_design\carrier_board\Carrier Board\ModuleInter.SchDoc with SMBJ5.0CA-13-F from CBSchLib.SchLib
Replace Part D13 SMBJ5.0CA-13-F in C:\Users\gallo.HOTMETAL\Documents\Senior Design\carrier_board\senior_design\carrier_board\Carrier Board\ModuleInter.SchDoc with SMBJ5.0CA-13-F from CBSchLib.SchLib
Replace Part D14 SMBJ5.0CA-13-F in C:\Users\gallo.HOTMETAL\Documents\Senior Design\carrier_board\senior_design\carrier_board\Carrier Board\ModuleInter.SchDoc with SMBJ5.0CA-13-F from CBSchLib.SchLib
Replace Part D15 SMF3.3 in C:\Users\gallo.HOTMETAL\Documents\Senior Design\carrier_board\senior_design\carrier_board\Carrier Board\ModuleInter.SchDoc with SMF3.3 from CBSchLib.SchLib
Replace Part DNP1 Resistor in C:\Users\gallo.HOTMETAL\Documents\Senior Design\carrier_board\senior_design\carrier_board\Carrier Board\ModuleInter.SchDoc with Resistor from Celestial Altium Library - altium_library.DbLib
Replace Part DNP2 Resistor in C:\Users\gallo.HOTMETAL\Documents\Senior Design\carrier_board\senior_design\carrier_board\Carrier Board\ModuleInter.SchDoc with Resistor from Celestial Altium Library - altium_library.DbLib
Replace Part J1 532610671 in C:\Users\gallo.HOTMETAL\Documents\Senior Design\carrier_board\senior_design\carrier_board\Carrier Board\ModuleInter.SchDoc with 532610671 from CBSchLib.SchLib
Replace Part J2 532610671 in C:\Users\gallo.HOTMETAL\Documents\Senior Design\carrier_board\senior_design\carrier_board\Carrier Board\ModuleInter.SchDoc with 532610671 from CBSchLib.SchLib
Replace Part J3 532610671 in C:\Users\gallo.HOTMETAL\Documents\Senior Design\carrier_board\senior_design\carrier_board\Carrier Board\ModuleInter.SchDoc with 532610671 from CBSchLib.SchLib
Replace Part J4 532610671 in C:\Users\gallo.HOTMETAL\Documents\Senior Design\carrier_board\senior_design\carrier_board\Carrier Board\ModuleInter.SchDoc with 532610671 from CBSchLib.SchLib
Replace Part J5 3 Pin in C:\Users\gallo.HOTMETAL\Documents\Senior Design\carrier_board\senior_design\carrier_board\Carrier Board\ModuleInter.SchDoc with 3 Pin from Celestial Altium Library - altium_library.DbLib
Replace Part J6 3 Pin in C:\Users\gallo.HOTMETAL\Documents\Senior Design\carrier_board\senior_design\carrier_board\Carrier Board\ModuleInter.SchDoc with 3 Pin from Celestial Altium Library - altium_library.DbLib
Replace Part R1 Resistor in C:\Users\gallo.HOTMETAL\Documents\Senior Design\carrier_board\senior_design\carrier_board\Carrier Board\ModuleInter.SchDoc with Resistor from Celestial Altium Library - altium_library.DbLib
Replace Part R2 Resistor in C:\Users\gallo.HOTMETAL\Documents\Senior Design\carrier_board\senior_design\carrier_board\Carrier Board\ModuleInter.SchDoc with Resistor from Celestial Altium Library - altium_library.DbLib
Replace Part R3 Resistor in C:\Users\gallo.HOTMETAL\Documents\Senior Design\carrier_board\senior_design\carrier_board\Carrier Board\ModuleInter.SchDoc with Resistor from Celestial Altium Library - altium_library.DbLib
Replace Part R4 Resistor in C:\Users\gallo.HOTMETAL\Documents\Senior Design\carrier_board\senior_design\carrier_board\Carrier Board\ModuleInter.SchDoc with Resistor from Celestial Altium Library - altium_library.DbLib
Replace Part R5 Resistor in C:\Users\gallo.HOTMETAL\Documents\Senior Design\carrier_board\senior_design\carrier_board\Carrier Board\ModuleInter.SchDoc with Resistor from Celestial Altium Library - altium_library.DbLib
Replace Part R6 Resistor in C:\Users\gallo.HOTMETAL\Documents\Senior Design\carrier_board\senior_design\carrier_board\Carrier Board\ModuleInter.SchDoc with Resistor from Celestial Altium Library - altium_library.DbLib
Replace Part R23 Resistor in C:\Users\gallo.HOTMETAL\Documents\Senior Design\carrier_board\senior_design\carrier_board\Carrier Board\ModuleInter.SchDoc with Resistor from Celestial Altium Library - altium_library.DbLib
Replace Part R24 Resistor in C:\Users\gallo.HOTMETAL\Documents\Senior Design\carrier_board\senior_design\carrier_board\Carrier Board\ModuleInter.SchDoc with Resistor from Celestial Altium Library - altium_library.DbLib
Replace Part R25 Resistor in C:\Users\gallo.HOTMETAL\Documents\Senior Design\carrier_board\senior_design\carrier_board\Carrier Board\ModuleInter.SchDoc with Resistor from Celestial Altium Library - altium_library.DbLib
Replace Part R26 Resistor in C:\Users\gallo.HOTMETAL\Documents\Senior Design\carrier_board\senior_design\carrier_board\Carrier Board\ModuleInter.SchDoc with Resistor from Celestial Altium Library - altium_library.DbLib
Replace Part U1 DRV8870DDAR in C:\Users\gallo.HOTMETAL\Documents\Senior Design\carrier_board\senior_design\carrier_board\Carrier Board\ModuleInter.SchDoc with DRV8870DDAR from CBSchLib.SchLib
Replace Part U2 BNO055 in C:\Users\gallo.HOTMETAL\Documents\Senior Design\carrier_board\senior_design\carrier_board\Carrier Board\ModuleInter.SchDoc with BNO055 from CBSchLib.SchLib
Replace Part U3 Teensy 4.1 in C:\Users\gallo.HOTMETAL\Documents\Senior Design\carrier_board\senior_design\carrier_board\Carrier Board\ModuleInter.SchDoc with Teensy 4.1 from CBSchLib.SchLib
Replace Part U4 Jetson Xavier NX Dev Board GPIO in C:\Users\gallo.HOTMETAL\Documents\Senior Design\carrier_board\senior_design\carrier_board\Carrier Board\ModuleInter.SchDoc with Jetson Xavier NX Dev Board GPIO from CBSchLib.SchLib
Replace Part U5 HTS221 in C:\Users\gallo.HOTMETAL\Documents\Senior Design\carrier_board\senior_design\carrier_board\Carrier Board\ModuleInter.SchDoc with HTS221 from CBSchLib.SchLib
Replace Part U6 DRV8870DDAR in C:\Users\gallo.HOTMETAL\Documents\Senior Design\carrier_board\senior_design\carrier_board\Carrier Board\ModuleInter.SchDoc with DRV8870DDAR from CBSchLib.SchLib
Replace Part U7 TI TXB0108PWR in C:\Users\gallo.HOTMETAL\Documents\Senior Design\carrier_board\senior_design\carrier_board\Carrier Board\ModuleInter.SchDoc with TI TXB0108PWR from Celestial Altium Library - altium_library.DbLib
Replace Part U8 TI TXB0104 in C:\Users\gallo.HOTMETAL\Documents\Senior Design\carrier_board\senior_design\carrier_board\Carrier Board\ModuleInter.SchDoc with TI TXB0104 from Celestial Altium Library - altium_library.DbLib
Replace Part U10 DRV8870DDAR in C:\Users\gallo.HOTMETAL\Documents\Senior Design\carrier_board\senior_design\carrier_board\Carrier Board\ModuleInter.SchDoc with DRV8870DDAR from CBSchLib.SchLib
Replace Part U11 DRV8870DDAR in C:\Users\gallo.HOTMETAL\Documents\Senior Design\carrier_board\senior_design\carrier_board\Carrier Board\ModuleInter.SchDoc with DRV8870DDAR from CBSchLib.SchLib
