Replace Part CR1 SP1002-02JTG in C:\Users\gallo.HOTMETAL\Documents\Senior Design\carrier_board\senior_design\carrier_board\Carrier Board\ModuleInter.SchDoc with SP1002-02JTG from CBSchLib.SchLib
Replace Part CR2 SP1002-02JTG in C:\Users\gallo.HOTMETAL\Documents\Senior Design\carrier_board\senior_design\carrier_board\Carrier Board\ModuleInter.SchDoc with SP1002-02JTG from CBSchLib.SchLib
Replace Part CR3 SP1002-02JTG in C:\Users\gallo.HOTMETAL\Documents\Senior Design\carrier_board\senior_design\carrier_board\Carrier Board\ModuleInter.SchDoc with SP1002-02JTG from CBSchLib.SchLib
Replace Part CR4 SP1002-02JTG in C:\Users\gallo.HOTMETAL\Documents\Senior Design\carrier_board\senior_design\carrier_board\Carrier Board\ModuleInter.SchDoc with SP1002-02JTG from CBSchLib.SchLib
Update Managed Component D1 From CMP-1063-00114-1[ESD9L5.0ST5G] To CMP-1063-00114-1[ESD9L5.0ST5G] in ModuleInter.SchDoc
Update Managed Component D2 From CMP-1063-00114-1[ESD9L5.0ST5G] To CMP-1063-00114-1[ESD9L5.0ST5G] in ModuleInter.SchDoc
Update Managed Component D3 From CMP-1063-00114-1[ESD9L5.0ST5G] To CMP-1063-00114-1[ESD9L5.0ST5G] in ModuleInter.SchDoc
Update Managed Component D4 From CMP-1063-00114-1[ESD9L5.0ST5G] To CMP-1063-00114-1[ESD9L5.0ST5G] in ModuleInter.SchDoc
Replace Part DNP1 Resistor in C:\Users\gallo.HOTMETAL\Documents\Senior Design\carrier_board\senior_design\carrier_board\Carrier Board\ModuleInter.SchDoc with Resistor from Celestial Altium Library - altium_library.DbLib
Replace Part DNP2 Resistor in C:\Users\gallo.HOTMETAL\Documents\Senior Design\carrier_board\senior_design\carrier_board\Carrier Board\ModuleInter.SchDoc with Resistor from Celestial Altium Library - altium_library.DbLib
Replace Part J1 Motor Connector in C:\Users\gallo.HOTMETAL\Documents\Senior Design\carrier_board\senior_design\carrier_board\Carrier Board\ModuleInter.SchDoc with Motor Connector from CBSchLib.SchLib
Replace Part J2 Motor Connector in C:\Users\gallo.HOTMETAL\Documents\Senior Design\carrier_board\senior_design\carrier_board\Carrier Board\ModuleInter.SchDoc with Motor Connector from CBSchLib.SchLib
Replace Part J3 Motor Connector in C:\Users\gallo.HOTMETAL\Documents\Senior Design\carrier_board\senior_design\carrier_board\Carrier Board\ModuleInter.SchDoc with Motor Connector from CBSchLib.SchLib
Replace Part J4 Motor Connector in C:\Users\gallo.HOTMETAL\Documents\Senior Design\carrier_board\senior_design\carrier_board\Carrier Board\ModuleInter.SchDoc with Motor Connector from CBSchLib.SchLib
Replace Part J5 3 Pin in C:\Users\gallo.HOTMETAL\Documents\Senior Design\carrier_board\senior_design\carrier_board\Carrier Board\ModuleInter.SchDoc with 3 Pin from Celestial Altium Library - altium_library.DbLib
Replace Part J6 3 Pin in C:\Users\gallo.HOTMETAL\Documents\Senior Design\carrier_board\senior_design\carrier_board\Carrier Board\ModuleInter.SchDoc with 3 Pin from Celestial Altium Library - altium_library.DbLib
Replace Part R1 Resistor in C:\Users\gallo.HOTMETAL\Documents\Senior Design\carrier_board\senior_design\carrier_board\Carrier Board\ModuleInter.SchDoc with Resistor from Celestial Altium Library - altium_library.DbLib
Replace Part R2 Resistor in C:\Users\gallo.HOTMETAL\Documents\Senior Design\carrier_board\senior_design\carrier_board\Carrier Board\ModuleInter.SchDoc with Resistor from Celestial Altium Library - altium_library.DbLib
Replace Part R3 Resistor in C:\Users\gallo.HOTMETAL\Documents\Senior Design\carrier_board\senior_design\carrier_board\Carrier Board\ModuleInter.SchDoc with Resistor from Celestial Altium Library - altium_library.DbLib
Replace Part R4 Resistor in C:\Users\gallo.HOTMETAL\Documents\Senior Design\carrier_board\senior_design\carrier_board\Carrier Board\ModuleInter.SchDoc with Resistor from Celestial Altium Library - altium_library.DbLib
Replace Part R5 Resistor in C:\Users\gallo.HOTMETAL\Documents\Senior Design\carrier_board\senior_design\carrier_board\Carrier Board\ModuleInter.SchDoc with Resistor from Celestial Altium Library - altium_library.DbLib
Replace Part R6 Resistor in C:\Users\gallo.HOTMETAL\Documents\Senior Design\carrier_board\senior_design\carrier_board\Carrier Board\ModuleInter.SchDoc with Resistor from Celestial Altium Library - altium_library.DbLib
Replace Part U1 L298N in C:\Users\gallo.HOTMETAL\Documents\Senior Design\carrier_board\senior_design\carrier_board\Carrier Board\ModuleInter.SchDoc with L298N from CBSchLib.SchLib
Replace Part U2 BNO055 in C:\Users\gallo.HOTMETAL\Documents\Senior Design\carrier_board\senior_design\carrier_board\Carrier Board\ModuleInter.SchDoc with BNO055 from CBSchLib.SchLib
Replace Part U3 Teensy 4.1 in C:\Users\gallo.HOTMETAL\Documents\Senior Design\carrier_board\senior_design\carrier_board\Carrier Board\ModuleInter.SchDoc with Teensy 4.1 from CBSchLib.SchLib
Replace Part U4 Jetson Xavier NX Dev Board GPIO in C:\Users\gallo.HOTMETAL\Documents\Senior Design\carrier_board\senior_design\carrier_board\Carrier Board\ModuleInter.SchDoc with Jetson Xavier NX Dev Board GPIO from CBSchLib.SchLib
Replace Part U5 HTS221 in C:\Users\gallo.HOTMETAL\Documents\Senior Design\carrier_board\senior_design\carrier_board\Carrier Board\ModuleInter.SchDoc with HTS221 from CBSchLib.SchLib
Replace Part U6 L298N in C:\Users\gallo.HOTMETAL\Documents\Senior Design\carrier_board\senior_design\carrier_board\Carrier Board\ModuleInter.SchDoc with L298N from CBSchLib.SchLib
Replace Part U7 TI TXB0108PWR in C:\Users\gallo.HOTMETAL\Documents\Senior Design\carrier_board\senior_design\carrier_board\Carrier Board\ModuleInter.SchDoc with TI TXB0108PWR from Celestial Altium Library - altium_library.DbLib
Replace Part U8 TI TXB0104 in C:\Users\gallo.HOTMETAL\Documents\Senior Design\carrier_board\senior_design\carrier_board\Carrier Board\ModuleInter.SchDoc with TI TXB0104 from Celestial Altium Library - altium_library.DbLib
