Update Managed Component D1 From CMP-1063-00114-1[ESD9L5.0ST5G] To CMP-1063-00114-1[ESD9L5.0ST5G] in ModuleInter.SchDoc
Update Managed Component D2 From CMP-1063-00114-1[ESD9L5.0ST5G] To CMP-1063-00114-1[ESD9L5.0ST5G] in ModuleInter.SchDoc
Update Managed Component D3 From CMP-1063-00114-1[ESD9L5.0ST5G] To CMP-1063-00114-1[ESD9L5.0ST5G] in ModuleInter.SchDoc
Update Managed Component D4 From CMP-1063-00114-1[ESD9L5.0ST5G] To CMP-1063-00114-1[ESD9L5.0ST5G] in ModuleInter.SchDoc
Replace Part D5 TPD4E02B04DQAR in C:\Users\gallo.HOTMETAL\Documents\Senior Design\carrier_board\senior_design\carrier_board\Carrier Board\ModuleInter.SchDoc with TPD4E02B04DQAR from CBSchLib.SchLib
Replace Part D7 SMBJ5.0CA-13-F in C:\Users\gallo.HOTMETAL\Documents\Senior Design\carrier_board\senior_design\carrier_board\Carrier Board\ModuleInter.SchDoc with SMBJ5.0CA-13-F from CBSchLib.SchLib
Replace Part D8 SMBJ5.0CA-13-F in C:\Users\gallo.HOTMETAL\Documents\Senior Design\carrier_board\senior_design\carrier_board\Carrier Board\ModuleInter.SchDoc with SMBJ5.0CA-13-F from CBSchLib.SchLib
Replace Part D9 SMBJ5.0CA-13-F in C:\Users\gallo.HOTMETAL\Documents\Senior Design\carrier_board\senior_design\carrier_board\Carrier Board\ModuleInter.SchDoc with SMBJ5.0CA-13-F from CBSchLib.SchLib
Replace Part D10 SMBJ5.0CA-13-F in C:\Users\gallo.HOTMETAL\Documents\Senior Design\carrier_board\senior_design\carrier_board\Carrier Board\ModuleInter.SchDoc with SMBJ5.0CA-13-F from CBSchLib.SchLib
Replace Part D11 SMBJ5.0CA-13-F in C:\Users\gallo.HOTMETAL\Documents\Senior Design\carrier_board\senior_design\carrier_board\Carrier Board\ModuleInter.SchDoc with SMBJ5.0CA-13-F from CBSchLib.SchLib
Replace Part D12 SMBJ5.0CA-13-F in C:\Users\gallo.HOTMETAL\Documents\Senior Design\carrier_board\senior_design\carrier_board\Carrier Board\ModuleInter.SchDoc with SMBJ5.0CA-13-F from CBSchLib.SchLib
Replace Part D13 SMBJ5.0CA-13-F in C:\Users\gallo.HOTMETAL\Documents\Senior Design\carrier_board\senior_design\carrier_board\Carrier Board\ModuleInter.SchDoc with SMBJ5.0CA-13-F from CBSchLib.SchLib
Replace Part D14 SMBJ5.0CA-13-F in C:\Users\gallo.HOTMETAL\Documents\Senior Design\carrier_board\senior_design\carrier_board\Carrier Board\ModuleInter.SchDoc with SMBJ5.0CA-13-F from CBSchLib.SchLib
Replace Part DNP1 Resistor in C:\Users\gallo.HOTMETAL\Documents\Senior Design\carrier_board\senior_design\carrier_board\Carrier Board\ModuleInter.SchDoc with Resistor from Celestial Altium Library - altium_library.DbLib
Replace Part DNP2 Resistor in C:\Users\gallo.HOTMETAL\Documents\Senior Design\carrier_board\senior_design\carrier_board\Carrier Board\ModuleInter.SchDoc with Resistor from Celestial Altium Library - altium_library.DbLib
Replace Part J5 3 Pin in C:\Users\gallo.HOTMETAL\Documents\Senior Design\carrier_board\senior_design\carrier_board\Carrier Board\ModuleInter.SchDoc with 3 Pin from Celestial Altium Library - altium_library.DbLib
Replace Part J6 3 Pin in C:\Users\gallo.HOTMETAL\Documents\Senior Design\carrier_board\senior_design\carrier_board\Carrier Board\ModuleInter.SchDoc with 3 Pin from Celestial Altium Library - altium_library.DbLib
Replace Part R1 Resistor in C:\Users\gallo.HOTMETAL\Documents\Senior Design\carrier_board\senior_design\carrier_board\Carrier Board\ModuleInter.SchDoc with Resistor from Celestial Altium Library - altium_library.DbLib
Replace Part R2 Resistor in C:\Users\gallo.HOTMETAL\Documents\Senior Design\carrier_board\senior_design\carrier_board\Carrier Board\ModuleInter.SchDoc with Resistor from Celestial Altium Library - altium_library.DbLib
Replace Part R3 Resistor in C:\Users\gallo.HOTMETAL\Documents\Senior Design\carrier_board\senior_design\carrier_board\Carrier Board\ModuleInter.SchDoc with Resistor from Celestial Altium Library - altium_library.DbLib
Replace Part R4 Resistor in C:\Users\gallo.HOTMETAL\Documents\Senior Design\carrier_board\senior_design\carrier_board\Carrier Board\ModuleInter.SchDoc with Resistor from Celestial Altium Library - altium_library.DbLib
Replace Part R5 Resistor in C:\Users\gallo.HOTMETAL\Documents\Senior Design\carrier_board\senior_design\carrier_board\Carrier Board\ModuleInter.SchDoc with Resistor from Celestial Altium Library - altium_library.DbLib
Replace Part R6 Resistor in C:\Users\gallo.HOTMETAL\Documents\Senior Design\carrier_board\senior_design\carrier_board\Carrier Board\ModuleInter.SchDoc with Resistor from Celestial Altium Library - altium_library.DbLib
Replace Part U1 DRV8212DRLR in C:\Users\gallo.HOTMETAL\Documents\Senior Design\carrier_board\senior_design\carrier_board\Carrier Board\ModuleInter.SchDoc with DRV8212DRLR from CBSchLib.SchLib
Replace Part U2 BNO055 in C:\Users\gallo.HOTMETAL\Documents\Senior Design\carrier_board\senior_design\carrier_board\Carrier Board\ModuleInter.SchDoc with BNO055 from CBSchLib.SchLib
Replace Part U3 Teensy 4.1 in C:\Users\gallo.HOTMETAL\Documents\Senior Design\carrier_board\senior_design\carrier_board\Carrier Board\ModuleInter.SchDoc with Teensy 4.1 from CBSchLib.SchLib
Replace Part U4 Jetson Xavier NX Dev Board GPIO in C:\Users\gallo.HOTMETAL\Documents\Senior Design\carrier_board\senior_design\carrier_board\Carrier Board\ModuleInter.SchDoc with Jetson Xavier NX Dev Board GPIO from CBSchLib.SchLib
Replace Part U5 HTS221 in C:\Users\gallo.HOTMETAL\Documents\Senior Design\carrier_board\senior_design\carrier_board\Carrier Board\ModuleInter.SchDoc with HTS221 from CBSchLib.SchLib
Replace Part U6 DRV8212DRLR in C:\Users\gallo.HOTMETAL\Documents\Senior Design\carrier_board\senior_design\carrier_board\Carrier Board\ModuleInter.SchDoc with DRV8212DRLR from CBSchLib.SchLib
Replace Part U7 TI TXB0108PWR in C:\Users\gallo.HOTMETAL\Documents\Senior Design\carrier_board\senior_design\carrier_board\Carrier Board\ModuleInter.SchDoc with TI TXB0108PWR from Celestial Altium Library - altium_library.DbLib
Replace Part U8 TI TXB0104 in C:\Users\gallo.HOTMETAL\Documents\Senior Design\carrier_board\senior_design\carrier_board\Carrier Board\ModuleInter.SchDoc with TI TXB0104 from Celestial Altium Library - altium_library.DbLib
Replace Part U10 DRV8212DRLR in C:\Users\gallo.HOTMETAL\Documents\Senior Design\carrier_board\senior_design\carrier_board\Carrier Board\ModuleInter.SchDoc with DRV8212DRLR from CBSchLib.SchLib
Replace Part U11 DRV8212DRLR in C:\Users\gallo.HOTMETAL\Documents\Senior Design\carrier_board\senior_design\carrier_board\Carrier Board\ModuleInter.SchDoc with DRV8212DRLR from CBSchLib.SchLib
