Replace Part C12 Capacitor in C:\Users\gallo.HOTMETAL\Documents\Senior Design\carrier_board\senior_design\carrier_board\Carrier Board\ModuleInter.SchDoc with Capacitor from Celestial Altium Library - altium_library.DbLib
Replace Part C13 Capacitor in C:\Users\gallo.HOTMETAL\Documents\Senior Design\carrier_board\senior_design\carrier_board\Carrier Board\ModuleInter.SchDoc with Capacitor from Celestial Altium Library - altium_library.DbLib
Replace Part C14 Capacitor in C:\Users\gallo.HOTMETAL\Documents\Senior Design\carrier_board\senior_design\carrier_board\Carrier Board\ModuleInter.SchDoc with Capacitor from Celestial Altium Library - altium_library.DbLib
Replace Part C15 Capacitor in C:\Users\gallo.HOTMETAL\Documents\Senior Design\carrier_board\senior_design\carrier_board\Carrier Board\ModuleInter.SchDoc with Capacitor from Celestial Altium Library - altium_library.DbLib
Replace Part C16 Capacitor in C:\Users\gallo.HOTMETAL\Documents\Senior Design\carrier_board\senior_design\carrier_board\Carrier Board\ModuleInter.SchDoc with Capacitor from Celestial Altium Library - altium_library.DbLib
Replace Part C17 Capacitor in C:\Users\gallo.HOTMETAL\Documents\Senior Design\carrier_board\senior_design\carrier_board\Carrier Board\ModuleInter.SchDoc with Capacitor from Celestial Altium Library - altium_library.DbLib
Replace Part C18 Capacitor in C:\Users\gallo.HOTMETAL\Documents\Senior Design\carrier_board\senior_design\carrier_board\Carrier Board\ModuleInter.SchDoc with Capacitor from Celestial Altium Library - altium_library.DbLib
Replace Part C19 Capacitor in C:\Users\gallo.HOTMETAL\Documents\Senior Design\carrier_board\senior_design\carrier_board\Carrier Board\ModuleInter.SchDoc with Capacitor from Celestial Altium Library - altium_library.DbLib
Replace Part C20 Capacitor in C:\Users\gallo.HOTMETAL\Documents\Senior Design\carrier_board\senior_design\carrier_board\Carrier Board\ModuleInter.SchDoc with Capacitor from Celestial Altium Library - altium_library.DbLib
Replace Part C21 Capacitor in C:\Users\gallo.HOTMETAL\Documents\Senior Design\carrier_board\senior_design\carrier_board\Carrier Board\ModuleInter.SchDoc with Capacitor from Celestial Altium Library - altium_library.DbLib
Replace Part C22 Capacitor in C:\Users\gallo.HOTMETAL\Documents\Senior Design\carrier_board\senior_design\carrier_board\Carrier Board\ModuleInter.SchDoc with Capacitor from Celestial Altium Library - altium_library.DbLib
Replace Part C23 Capacitor in C:\Users\gallo.HOTMETAL\Documents\Senior Design\carrier_board\senior_design\carrier_board\Carrier Board\ModuleInter.SchDoc with Capacitor from Celestial Altium Library - altium_library.DbLib
Replace Part D0 SMF3.3 in C:\Users\gallo.HOTMETAL\Documents\Senior Design\carrier_board\senior_design\carrier_board\Carrier Board\ModuleInter.SchDoc with SMF3.3 from CBSchLib.SchLib
Replace Part D1 SMF3.3 in C:\Users\gallo.HOTMETAL\Documents\Senior Design\carrier_board\senior_design\carrier_board\Carrier Board\ModuleInter.SchDoc with SMF3.3 from CBSchLib.SchLib
Replace Part D2 SMF3.3 in C:\Users\gallo.HOTMETAL\Documents\Senior Design\carrier_board\senior_design\carrier_board\Carrier Board\ModuleInter.SchDoc with SMF3.3 from CBSchLib.SchLib
Replace Part D3 SMF3.3 in C:\Users\gallo.HOTMETAL\Documents\Senior Design\carrier_board\senior_design\carrier_board\Carrier Board\ModuleInter.SchDoc with SMF3.3 from CBSchLib.SchLib
Replace Part D4 SMF3.3 in C:\Users\gallo.HOTMETAL\Documents\Senior Design\carrier_board\senior_design\carrier_board\Carrier Board\ModuleInter.SchDoc with SMF3.3 from CBSchLib.SchLib
Replace Part D5 SMF3.3 in C:\Users\gallo.HOTMETAL\Documents\Senior Design\carrier_board\senior_design\carrier_board\Carrier Board\ModuleInter.SchDoc with SMF3.3 from CBSchLib.SchLib
Replace Part D6 SMF3.3 in C:\Users\gallo.HOTMETAL\Documents\Senior Design\carrier_board\senior_design\carrier_board\Carrier Board\ModuleInter.SchDoc with SMF3.3 from CBSchLib.SchLib
Replace Part D7 SMBJ5.0CA-13-F in C:\Users\gallo.HOTMETAL\Documents\Senior Design\carrier_board\senior_design\carrier_board\Carrier Board\ModuleInter.SchDoc with SMBJ5.0CA-13-F from CBSchLib.SchLib
Replace Part D8 SMBJ5.0CA-13-F in C:\Users\gallo.HOTMETAL\Documents\Senior Design\carrier_board\senior_design\carrier_board\Carrier Board\ModuleInter.SchDoc with SMBJ5.0CA-13-F from CBSchLib.SchLib
Replace Part D9 SMBJ5.0CA-13-F in C:\Users\gallo.HOTMETAL\Documents\Senior Design\carrier_board\senior_design\carrier_board\Carrier Board\ModuleInter.SchDoc with SMBJ5.0CA-13-F from CBSchLib.SchLib
Replace Part D10 SMBJ5.0CA-13-F in C:\Users\gallo.HOTMETAL\Documents\Senior Design\carrier_board\senior_design\carrier_board\Carrier Board\ModuleInter.SchDoc with SMBJ5.0CA-13-F from CBSchLib.SchLib
Replace Part D11 SMBJ5.0CA-13-F in C:\Users\gallo.HOTMETAL\Documents\Senior Design\carrier_board\senior_design\carrier_board\Carrier Board\ModuleInter.SchDoc with SMBJ5.0CA-13-F from CBSchLib.SchLib
Replace Part D12 SMBJ5.0CA-13-F in C:\Users\gallo.HOTMETAL\Documents\Senior Design\carrier_board\senior_design\carrier_board\Carrier Board\ModuleInter.SchDoc with SMBJ5.0CA-13-F from CBSchLib.SchLib
Replace Part D13 SMBJ5.0CA-13-F in C:\Users\gallo.HOTMETAL\Documents\Senior Design\carrier_board\senior_design\carrier_board\Carrier Board\ModuleInter.SchDoc with SMBJ5.0CA-13-F from CBSchLib.SchLib
Replace Part D14 SMBJ5.0CA-13-F in C:\Users\gallo.HOTMETAL\Documents\Senior Design\carrier_board\senior_design\carrier_board\Carrier Board\ModuleInter.SchDoc with SMBJ5.0CA-13-F from CBSchLib.SchLib
Replace Part D16 LED in C:\Users\gallo.HOTMETAL\Documents\Senior Design\carrier_board\senior_design\carrier_board\Carrier Board\ModuleInter.SchDoc with LED from Celestial Altium Library - altium_library.DbLib
Replace Part D17 LED in C:\Users\gallo.HOTMETAL\Documents\Senior Design\carrier_board\senior_design\carrier_board\Carrier Board\ModuleInter.SchDoc with LED from Celestial Altium Library - altium_library.DbLib
Replace Part D18 LED in C:\Users\gallo.HOTMETAL\Documents\Senior Design\carrier_board\senior_design\carrier_board\Carrier Board\ModuleInter.SchDoc with LED from Celestial Altium Library - altium_library.DbLib
Replace Part DNP1 Resistor in C:\Users\gallo.HOTMETAL\Documents\Senior Design\carrier_board\senior_design\carrier_board\Carrier Board\ModuleInter.SchDoc with Resistor from Celestial Altium Library - altium_library.DbLib
Replace Part DNP2 Resistor in C:\Users\gallo.HOTMETAL\Documents\Senior Design\carrier_board\senior_design\carrier_board\Carrier Board\ModuleInter.SchDoc with Resistor from Celestial Altium Library - altium_library.DbLib
Replace Part F1 0ZCJ0010FF2E in C:\Users\gallo.HOTMETAL\Documents\Senior Design\carrier_board\senior_design\carrier_board\Carrier Board\ModuleInter.SchDoc with 0ZCJ0010FF2E from CBSchLib.SchLib
Replace Part F2 0ZCG0150BF2C in C:\Users\gallo.HOTMETAL\Documents\Senior Design\carrier_board\senior_design\carrier_board\Carrier Board\ModuleInter.SchDoc with 0ZCG0150BF2C from CBSchLib.SchLib
Replace Part J1 532610671 in C:\Users\gallo.HOTMETAL\Documents\Senior Design\carrier_board\senior_design\carrier_board\Carrier Board\ModuleInter.SchDoc with 532610671 from CBSchLib.SchLib
Replace Part J2 532610671 in C:\Users\gallo.HOTMETAL\Documents\Senior Design\carrier_board\senior_design\carrier_board\Carrier Board\ModuleInter.SchDoc with 532610671 from CBSchLib.SchLib
Replace Part J3 532610671 in C:\Users\gallo.HOTMETAL\Documents\Senior Design\carrier_board\senior_design\carrier_board\Carrier Board\ModuleInter.SchDoc with 532610671 from CBSchLib.SchLib
Replace Part J4 532610671 in C:\Users\gallo.HOTMETAL\Documents\Senior Design\carrier_board\senior_design\carrier_board\Carrier Board\ModuleInter.SchDoc with 532610671 from CBSchLib.SchLib
Replace Part J5 Servo Header in C:\Users\gallo.HOTMETAL\Documents\Senior Design\carrier_board\senior_design\carrier_board\Carrier Board\ModuleInter.SchDoc with Servo Header from CBSchLib.SchLib
Replace Part J6 Servo Header in C:\Users\gallo.HOTMETAL\Documents\Senior Design\carrier_board\senior_design\carrier_board\Carrier Board\ModuleInter.SchDoc with Servo Header from CBSchLib.SchLib
Replace Part J8 Pin Header Jumper in C:\Users\gallo.HOTMETAL\Documents\Senior Design\carrier_board\senior_design\carrier_board\Carrier Board\ModuleInter.SchDoc with Pin Header Jumper from CBSchLib.SchLib
Replace Part J9 5055680271 in C:\Users\gallo.HOTMETAL\Documents\Senior Design\carrier_board\senior_design\carrier_board\Carrier Board\ModuleInter.SchDoc with 5055680271 from CBSchLib.SchLib
Replace Part R1 Resistor in C:\Users\gallo.HOTMETAL\Documents\Senior Design\carrier_board\senior_design\carrier_board\Carrier Board\ModuleInter.SchDoc with Resistor from Celestial Altium Library - altium_library.DbLib
Replace Part R2 Resistor in C:\Users\gallo.HOTMETAL\Documents\Senior Design\carrier_board\senior_design\carrier_board\Carrier Board\ModuleInter.SchDoc with Resistor from Celestial Altium Library - altium_library.DbLib
Replace Part R3 Resistor in C:\Users\gallo.HOTMETAL\Documents\Senior Design\carrier_board\senior_design\carrier_board\Carrier Board\ModuleInter.SchDoc with Resistor from Celestial Altium Library - altium_library.DbLib
Replace Part R4 Resistor in C:\Users\gallo.HOTMETAL\Documents\Senior Design\carrier_board\senior_design\carrier_board\Carrier Board\ModuleInter.SchDoc with Resistor from Celestial Altium Library - altium_library.DbLib
Replace Part R5 Resistor in C:\Users\gallo.HOTMETAL\Documents\Senior Design\carrier_board\senior_design\carrier_board\Carrier Board\ModuleInter.SchDoc with Resistor from Celestial Altium Library - altium_library.DbLib
Replace Part R6 Resistor in C:\Users\gallo.HOTMETAL\Documents\Senior Design\carrier_board\senior_design\carrier_board\Carrier Board\ModuleInter.SchDoc with Resistor from Celestial Altium Library - altium_library.DbLib
Replace Part R28 Resistor in C:\Users\gallo.HOTMETAL\Documents\Senior Design\carrier_board\senior_design\carrier_board\Carrier Board\ModuleInter.SchDoc with Resistor from Celestial Altium Library - altium_library.DbLib
Replace Part R29 Resistor in C:\Users\gallo.HOTMETAL\Documents\Senior Design\carrier_board\senior_design\carrier_board\Carrier Board\ModuleInter.SchDoc with Resistor from Celestial Altium Library - altium_library.DbLib
Replace Part R30 Resistor in C:\Users\gallo.HOTMETAL\Documents\Senior Design\carrier_board\senior_design\carrier_board\Carrier Board\ModuleInter.SchDoc with Resistor from Celestial Altium Library - altium_library.DbLib
Replace Part U1 DRV8870DDAR in C:\Users\gallo.HOTMETAL\Documents\Senior Design\carrier_board\senior_design\carrier_board\Carrier Board\ModuleInter.SchDoc with DRV8870DDAR from CBSchLib.SchLib
Replace Part U2 BNO055 in C:\Users\gallo.HOTMETAL\Documents\Senior Design\carrier_board\senior_design\carrier_board\Carrier Board\ModuleInter.SchDoc with BNO055 from CBSchLib.SchLib
Replace Part U3 Teensy 4.1 in C:\Users\gallo.HOTMETAL\Documents\Senior Design\carrier_board\senior_design\carrier_board\Carrier Board\ModuleInter.SchDoc with Teensy 4.1 from CBSchLib.SchLib
Replace Part U4 Jetson Xavier NX Dev Board GPIO in C:\Users\gallo.HOTMETAL\Documents\Senior Design\carrier_board\senior_design\carrier_board\Carrier Board\ModuleInter.SchDoc with Jetson Xavier NX Dev Board GPIO from CBSchLib.SchLib
Replace Part U5 HTS221 in C:\Users\gallo.HOTMETAL\Documents\Senior Design\carrier_board\senior_design\carrier_board\Carrier Board\ModuleInter.SchDoc with HTS221 from CBSchLib.SchLib
Replace Part U6 DRV8870DDAR in C:\Users\gallo.HOTMETAL\Documents\Senior Design\carrier_board\senior_design\carrier_board\Carrier Board\ModuleInter.SchDoc with DRV8870DDAR from CBSchLib.SchLib
Replace Part U7 TXB0108PWR in C:\Users\gallo.HOTMETAL\Documents\Senior Design\carrier_board\senior_design\carrier_board\Carrier Board\ModuleInter.SchDoc with TXB0108PWR from CBSchLib.SchLib
Replace Part U8 TI TXB0104 in C:\Users\gallo.HOTMETAL\Documents\Senior Design\carrier_board\senior_design\carrier_board\Carrier Board\ModuleInter.SchDoc with TI TXB0104 from Celestial Altium Library - altium_library.DbLib
Replace Part U10 DRV8870DDAR in C:\Users\gallo.HOTMETAL\Documents\Senior Design\carrier_board\senior_design\carrier_board\Carrier Board\ModuleInter.SchDoc with DRV8870DDAR from CBSchLib.SchLib
Replace Part U11 DRV8870DDAR in C:\Users\gallo.HOTMETAL\Documents\Senior Design\carrier_board\senior_design\carrier_board\Carrier Board\ModuleInter.SchDoc with DRV8870DDAR from CBSchLib.SchLib
