Replace Part C1 Capacitor in E:\carrier_board\senior_design\carrier_board\Carrier Board\Power.SchDoc with Capacitor from Celestial Altium Library - altium_library.DbLib
Replace Part C2 Capacitor in E:\carrier_board\senior_design\carrier_board\Carrier Board\Power.SchDoc with Capacitor from Celestial Altium Library - altium_library.DbLib
Replace Part C3 Capacitor in E:\carrier_board\senior_design\carrier_board\Carrier Board\Power.SchDoc with Capacitor from Celestial Altium Library - altium_library.DbLib
Replace Part C4 Capacitor in E:\carrier_board\senior_design\carrier_board\Carrier Board\Power.SchDoc with Capacitor from Celestial Altium Library - altium_library.DbLib
Replace Part C5 Capacitor in E:\carrier_board\senior_design\carrier_board\Carrier Board\Power.SchDoc with Capacitor from Celestial Altium Library - altium_library.DbLib
Replace Part C6 Capacitor in E:\carrier_board\senior_design\carrier_board\Carrier Board\Power.SchDoc with Capacitor from Celestial Altium Library - altium_library.DbLib
Replace Part C7 Capacitor in E:\carrier_board\senior_design\carrier_board\Carrier Board\Power.SchDoc with Capacitor from Celestial Altium Library - altium_library.DbLib
Replace Part C8 Capacitor in E:\carrier_board\senior_design\carrier_board\Carrier Board\Power.SchDoc with Capacitor from Celestial Altium Library - altium_library.DbLib
Replace Part C9 Capacitor in E:\carrier_board\senior_design\carrier_board\Carrier Board\Power.SchDoc with Capacitor from Celestial Altium Library - altium_library.DbLib
Replace Part C10 Capacitor in E:\carrier_board\senior_design\carrier_board\Carrier Board\Power.SchDoc with Capacitor from Celestial Altium Library - altium_library.DbLib
Replace Part C11 Capacitor in E:\carrier_board\senior_design\carrier_board\Carrier Board\Power.SchDoc with Capacitor from Celestial Altium Library - altium_library.DbLib
Replace Part D15 VS-6TQ045S-M3 in E:\carrier_board\senior_design\carrier_board\Carrier Board\Power.SchDoc with VS-6TQ045S-M3 from CBSchLib.SchLib
Replace Part J7 5 Pin in E:\carrier_board\senior_design\carrier_board\Carrier Board\Power.SchDoc with 5 Pin from Celestial Altium Library - altium_library.DbLib
Replace Part L1 Inductor in E:\carrier_board\senior_design\carrier_board\Carrier Board\Power.SchDoc with Inductor from Celestial Altium Library - altium_library.DbLib
Replace Part L2 Inductor in E:\carrier_board\senior_design\carrier_board\Carrier Board\Power.SchDoc with Inductor from Celestial Altium Library - altium_library.DbLib
Replace Part Q1 CSD18502KCS in E:\carrier_board\senior_design\carrier_board\Carrier Board\Power.SchDoc with CSD18502KCS from CBSchLib.SchLib
Replace Part Q2 CSD18502KCS in E:\carrier_board\senior_design\carrier_board\Carrier Board\Power.SchDoc with CSD18502KCS from CBSchLib.SchLib
Replace Part R7 Resistor in E:\carrier_board\senior_design\carrier_board\Carrier Board\Power.SchDoc with Resistor from Celestial Altium Library - altium_library.DbLib
Replace Part R8 Resistor in E:\carrier_board\senior_design\carrier_board\Carrier Board\Power.SchDoc with Resistor from Celestial Altium Library - altium_library.DbLib
Replace Part R9 Resistor in E:\carrier_board\senior_design\carrier_board\Carrier Board\Power.SchDoc with Resistor from Celestial Altium Library - altium_library.DbLib
Replace Part R10 Resistor in E:\carrier_board\senior_design\carrier_board\Carrier Board\Power.SchDoc with Resistor from Celestial Altium Library - altium_library.DbLib
Replace Part R11 Resistor in E:\carrier_board\senior_design\carrier_board\Carrier Board\Power.SchDoc with Resistor from Celestial Altium Library - altium_library.DbLib
Replace Part R12 Resistor in E:\carrier_board\senior_design\carrier_board\Carrier Board\Power.SchDoc with Resistor from Celestial Altium Library - altium_library.DbLib
Replace Part R13 Resistor in E:\carrier_board\senior_design\carrier_board\Carrier Board\Power.SchDoc with Resistor from Celestial Altium Library - altium_library.DbLib
Replace Part R14 Resistor in E:\carrier_board\senior_design\carrier_board\Carrier Board\Power.SchDoc with Resistor from Celestial Altium Library - altium_library.DbLib
Replace Part R15 Resistor in E:\carrier_board\senior_design\carrier_board\Carrier Board\Power.SchDoc with Resistor from Celestial Altium Library - altium_library.DbLib
Replace Part R16 Resistor in E:\carrier_board\senior_design\carrier_board\Carrier Board\Power.SchDoc with Resistor from Celestial Altium Library - altium_library.DbLib
Replace Part R17 Resistor in E:\carrier_board\senior_design\carrier_board\Carrier Board\Power.SchDoc with Resistor from Celestial Altium Library - altium_library.DbLib
Replace Part R18 Resistor in E:\carrier_board\senior_design\carrier_board\Carrier Board\Power.SchDoc with Resistor from Celestial Altium Library - altium_library.DbLib
Replace Part R19 Resistor in E:\carrier_board\senior_design\carrier_board\Carrier Board\Power.SchDoc with Resistor from Celestial Altium Library - altium_library.DbLib
Replace Part R20 Resistor in E:\carrier_board\senior_design\carrier_board\Carrier Board\Power.SchDoc with Resistor from Celestial Altium Library - altium_library.DbLib
Replace Part R21 Resistor in E:\carrier_board\senior_design\carrier_board\Carrier Board\Power.SchDoc with Resistor from Celestial Altium Library - altium_library.DbLib
Replace Part R22 Resistor in E:\carrier_board\senior_design\carrier_board\Carrier Board\Power.SchDoc with Resistor from Celestial Altium Library - altium_library.DbLib
Replace Part R27 Resistor in E:\carrier_board\senior_design\carrier_board\Carrier Board\Power.SchDoc with Resistor from Celestial Altium Library - altium_library.DbLib
Replace Part R31 Resistor in E:\carrier_board\senior_design\carrier_board\Carrier Board\Power.SchDoc with Resistor from Celestial Altium Library - altium_library.DbLib
Replace Part TH1 103AT-2 in E:\carrier_board\senior_design\carrier_board\Carrier Board\Power.SchDoc with 103AT-2 from CBSchLib.SchLib
Replace Part U9 BQ7790518PWR in E:\carrier_board\senior_design\carrier_board\Carrier Board\Power.SchDoc with BQ7790518PWR from CBSchLib.SchLib
Replace Part U12 LM2679T-12 in E:\carrier_board\senior_design\carrier_board\Carrier Board\Power.SchDoc with LM2679T-12 from CBSchLib.SchLib
Replace Part U13 AP63205WU-7 in E:\carrier_board\senior_design\carrier_board\Carrier Board\Power.SchDoc with AP63205WU-7 from CBSchLib.SchLib
