Replace Part * BQ7790518PWR in C:\Users\gallo.HOTMETAL\Documents\Senior Design\carrier_board\senior_design\carrier_board\Carrier Board\Power.SchDoc with BQ7790518PWR from CBSchLib.SchLib
Replace Part C1 Capacitor in C:\Users\gallo.HOTMETAL\Documents\Senior Design\carrier_board\senior_design\carrier_board\Carrier Board\Power.SchDoc with Capacitor from Celestial Altium Library - altium_library.DbLib
Replace Part C2 Capacitor in C:\Users\gallo.HOTMETAL\Documents\Senior Design\carrier_board\senior_design\carrier_board\Carrier Board\Power.SchDoc with Capacitor from Celestial Altium Library - altium_library.DbLib
Replace Part C3 Capacitor in C:\Users\gallo.HOTMETAL\Documents\Senior Design\carrier_board\senior_design\carrier_board\Carrier Board\Power.SchDoc with Capacitor from Celestial Altium Library - altium_library.DbLib
Replace Part C4 Capacitor in C:\Users\gallo.HOTMETAL\Documents\Senior Design\carrier_board\senior_design\carrier_board\Carrier Board\Power.SchDoc with Capacitor from Celestial Altium Library - altium_library.DbLib
Replace Part C5 Capacitor in C:\Users\gallo.HOTMETAL\Documents\Senior Design\carrier_board\senior_design\carrier_board\Carrier Board\Power.SchDoc with Capacitor from Celestial Altium Library - altium_library.DbLib
Replace Part IC1 INFINEON BSC MOSFET N-CH in C:\Users\gallo.HOTMETAL\Documents\Senior Design\carrier_board\senior_design\carrier_board\Carrier Board\Power.SchDoc with INFINEON BSC MOSFET N-CH from Celestial Altium Library - altium_library.DbLib
Replace Part IC2 DIODES MOSFET P-CH SOT-23-3 in C:\Users\gallo.HOTMETAL\Documents\Senior Design\carrier_board\senior_design\carrier_board\Carrier Board\Power.SchDoc with DIODES MOSFET P-CH SOT-23-3 from Celestial Altium Library - altium_library.DbLib
Replace Part J7 5 Pin in C:\Users\gallo.HOTMETAL\Documents\Senior Design\carrier_board\senior_design\carrier_board\Carrier Board\Power.SchDoc with 5 Pin from Celestial Altium Library - altium_library.DbLib
Replace Part R7 Resistor in C:\Users\gallo.HOTMETAL\Documents\Senior Design\carrier_board\senior_design\carrier_board\Carrier Board\Power.SchDoc with Resistor from Celestial Altium Library - altium_library.DbLib
Replace Part R8 Resistor in C:\Users\gallo.HOTMETAL\Documents\Senior Design\carrier_board\senior_design\carrier_board\Carrier Board\Power.SchDoc with Resistor from Celestial Altium Library - altium_library.DbLib
Replace Part R9 Resistor in C:\Users\gallo.HOTMETAL\Documents\Senior Design\carrier_board\senior_design\carrier_board\Carrier Board\Power.SchDoc with Resistor from Celestial Altium Library - altium_library.DbLib
Replace Part R10 Resistor in C:\Users\gallo.HOTMETAL\Documents\Senior Design\carrier_board\senior_design\carrier_board\Carrier Board\Power.SchDoc with Resistor from Celestial Altium Library - altium_library.DbLib
Replace Part R11 Resistor in C:\Users\gallo.HOTMETAL\Documents\Senior Design\carrier_board\senior_design\carrier_board\Carrier Board\Power.SchDoc with Resistor from Celestial Altium Library - altium_library.DbLib
Replace Part R12 Resistor in C:\Users\gallo.HOTMETAL\Documents\Senior Design\carrier_board\senior_design\carrier_board\Carrier Board\Power.SchDoc with Resistor from Celestial Altium Library - altium_library.DbLib
Replace Part R13 Thermistor PTC in C:\Users\gallo.HOTMETAL\Documents\Senior Design\carrier_board\senior_design\carrier_board\Carrier Board\Power.SchDoc with Thermistor PTC from Celestial Altium Library - altium_library.DbLib
Replace Part R14 Resistor in C:\Users\gallo.HOTMETAL\Documents\Senior Design\carrier_board\senior_design\carrier_board\Carrier Board\Power.SchDoc with Resistor from Celestial Altium Library - altium_library.DbLib
Replace Part R15 Resistor in C:\Users\gallo.HOTMETAL\Documents\Senior Design\carrier_board\senior_design\carrier_board\Carrier Board\Power.SchDoc with Resistor from Celestial Altium Library - altium_library.DbLib
Replace Part R16 Resistor in C:\Users\gallo.HOTMETAL\Documents\Senior Design\carrier_board\senior_design\carrier_board\Carrier Board\Power.SchDoc with Resistor from Celestial Altium Library - altium_library.DbLib
Replace Part R17 Resistor in C:\Users\gallo.HOTMETAL\Documents\Senior Design\carrier_board\senior_design\carrier_board\Carrier Board\Power.SchDoc with Resistor from Celestial Altium Library - altium_library.DbLib
Replace Part R18 Resistor in C:\Users\gallo.HOTMETAL\Documents\Senior Design\carrier_board\senior_design\carrier_board\Carrier Board\Power.SchDoc with Resistor from Celestial Altium Library - altium_library.DbLib
Replace Part R19 Resistor in C:\Users\gallo.HOTMETAL\Documents\Senior Design\carrier_board\senior_design\carrier_board\Carrier Board\Power.SchDoc with Resistor from Celestial Altium Library - altium_library.DbLib
Replace Part VR1 Buck Boost Module in C:\Users\gallo.HOTMETAL\Documents\Senior Design\carrier_board\senior_design\carrier_board\Carrier Board\Power.SchDoc with Buck Boost Module from CBSchLib.SchLib
Replace Part VR2 Buck Boost Module in C:\Users\gallo.HOTMETAL\Documents\Senior Design\carrier_board\senior_design\carrier_board\Carrier Board\Power.SchDoc with Buck Boost Module from CBSchLib.SchLib
Replace Part VR3 Buck Boost Module in C:\Users\gallo.HOTMETAL\Documents\Senior Design\carrier_board\senior_design\carrier_board\Carrier Board\Power.SchDoc with Buck Boost Module from CBSchLib.SchLib
